exp3/ComponentApplication/app/build/intermediates/manifest_merge_blame_file/debug/processDebugMainManifest/manifest-merger-blame-debug-report.txt
1<?xml version="1.0" encoding="utf-8"?>
2<manifest xmlns:android="http://schemas.android.com/apk/res/android"
3    package="com.example.componentapplication"
4    android:versionCode="1"
5    android:versionName="1.0" >
6
7    <uses-sdk
8        android:minSdkVersion="24"
9        android:targetSdkVersion="36" />
10
11    <uses-permission android:name="android.permission.POST_NOTIFICATIONS" />
11-->src\main\AndroidManifest.xml:5:5-77
11-->src\main\AndroidManifest.xml:5:22-74
12
13    <permission
13-->[androidx.core:core:1.9.0] AndroidManifest.xml:22:5-24:47
14        android:name="com.example.componentapplication.DYNAMIC_RECEIVER_NOT_EXPORTED_PERMISSION"
14-->[androidx.core:core:1.9.0] AndroidManifest.xml:23:9-81
15        android:protectionLevel="signature" />
15-->[androidx.core:core:1.9.0] AndroidManifest.xml:24:9-44
16
17    <uses-permission android:name="com.example.componentapplication.DYNAMIC_RECEIVER_NOT_EXPORTED_PERMISSION" />
17-->[androidx.core:core:1.9.0] AndroidManifest.xml:26:5-97
17-->[androidx.core:core:1.9.0] AndroidManifest.xml:26:22-94
18
19    <application
19-->src\main\AndroidManifest.xml:6:5-46:19
20        android:allowBackup="true"
20-->src\main\AndroidManifest.xml:7:9-35
21        android:appComponentFactory="androidx.core.app.CoreComponentFactory"
21-->[androidx.core:core:1.9.0] AndroidManifest.xml:28:18-86
22        android:dataExtractionRules="@xml/data_extraction_rules"
22-->src\main\AndroidManifest.xml:8:9-65
23        android:debuggable="true"
24        android:extractNativeLibs="false"
25        android:fullBackupContent="@xml/backup_rules"
25-->src\main\AndroidManifest.xml:9:9-54
26        android:icon="@mipmap/ic_launcher"
26-->src\main\AndroidManifest.xml:10:9-43
27        android:label="@string/app_name"
27-->src\main\AndroidManifest.xml:11:9-41
28        android:roundIcon="@mipmap/ic_launcher_round"
28-->src\main\AndroidManifest.xml:12:9-54
29        android:supportsRtl="true"
29-->src\main\AndroidManifest.xml:13:9-35
30        android:testOnly="true"
31        android:theme="@style/Theme.ComponentApplication" >
31-->src\main\AndroidManifest.xml:14:9-58
32        <activity
32-->src\main\AndroidManifest.xml:15:9-23:20
33            android:name="com.example.componentapplication.MainActivity"
33-->src\main\AndroidManifest.xml:16:13-41
34            android:exported="true" >
34-->src\main\AndroidManifest.xml:17:13-36
35            <intent-filter>
35-->src\main\AndroidManifest.xml:18:13-22:29
36                <action android:name="android.intent.action.MAIN" />
36-->src\main\AndroidManifest.xml:19:17-69
36-->src\main\AndroidManifest.xml:19:25-66
37
38                <category android:name="android.intent.category.LAUNCHER" />
38-->src\main\AndroidManifest.xml:21:17-77
38-->src\main\AndroidManifest.xml:21:27-74
39            </intent-filter>
40        </activity>
41
42        <!-- 1. AnimalListActivity注册 -->
43        <activity
43-->src\main\AndroidManifest.xml:26:9-28:40
44            android:name="com.example.componentapplication.AnimalListActivity"
44-->src\main\AndroidManifest.xml:27:13-47
45            android:exported="false" />
45-->src\main\AndroidManifest.xml:28:13-37
46
47        <!-- 2. AlertDialogActivity注册 -->
48        <activity
48-->src\main\AndroidManifest.xml:31:9-33:40
49            android:name="com.example.componentapplication.AlertDialogActivity"
49-->src\main\AndroidManifest.xml:32:13-48
50            android:exported="false" />
50-->src\main\AndroidManifest.xml:33:13-37
51
52        <!-- 3. MenuActivity注册 -->
53        <activity
53-->src\main\AndroidManifest.xml:36:9-39:73
54            android:name="com.example.componentapplication.MenuActivity"
54-->src\main\AndroidManifest.xml:37:13-41
55            android:exported="false"
55-->src\main\AndroidManifest.xml:38:13-37
56            android:theme="@style/Theme.AppCompat.Light.DarkActionBar" />
56-->src\main\AndroidManifest.xml:39:13-71
57
58        <!-- 4. ActionModeActivity注册 -->
59        <activity
59-->src\main\AndroidManifest.xml:42:9-45:73
60            android:name="com.example.componentapplication.ActionModeActivity"
60-->src\main\AndroidManifest.xml:43:13-47
61            android:exported="false"
61-->src\main\AndroidManifest.xml:44:13-37
62            android:theme="@style/Theme.AppCompat.Light.DarkActionBar" />
62-->src\main\AndroidManifest.xml:45:13-71
63
64        <provider
64-->[androidx.emoji2:emoji2:1.2.0] AndroidManifest.xml:24:9-32:20
65            android:name="androidx.startup.InitializationProvider"
65-->[androidx.emoji2:emoji2:1.2.0] AndroidManifest.xml:25:13-67
66            android:authorities="com.example.componentapplication.androidx-startup"
66-->[androidx.emoji2:emoji2:1.2.0] AndroidManifest.xml:26:13-68
67            android:exported="false" >
67-->[androidx.emoji2:emoji2:1.2.0] AndroidManifest.xml:27:13-37
68            <meta-data
68-->[androidx.emoji2:emoji2:1.2.0] AndroidManifest.xml:29:13-31:52
69                android:name="androidx.emoji2.text.EmojiCompatInitializer"
69-->[androidx.emoji2:emoji2:1.2.0] AndroidManifest.xml:30:17-75
70                android:value="androidx.startup" />
70-->[androidx.emoji2:emoji2:1.2.0] AndroidManifest.xml:31:17-49
71            <meta-data
71-->[androidx.lifecycle:lifecycle-process:2.6.1] AndroidManifest.xml:29:13-31:52
72                android:name="androidx.lifecycle.ProcessLifecycleInitializer"
72-->[androidx.lifecycle:lifecycle-process:2.6.1] AndroidManifest.xml:30:17-78
73                android:value="androidx.startup" />
73-->[androidx.lifecycle:lifecycle-process:2.6.1] AndroidManifest.xml:31:17-49
74            <meta-data
74-->[androidx.profileinstaller:profileinstaller:1.3.0] AndroidManifest.xml:29:13-31:52
75                android:name="androidx.profileinstaller.ProfileInstallerInitializer"
75-->[androidx.profileinstaller:profileinstaller:1.3.0] AndroidManifest.xml:30:17-85
76                android:value="androidx.startup" />
76-->[androidx.profileinstaller:profileinstaller:1.3.0] AndroidManifest.xml:31:17-49
77        </provider>
78
79        <receiver
79-->[androidx.profileinstaller:profileinstaller:1.3.0] AndroidManifest.xml:34:9-52:20
80            android:name="androidx.profileinstaller.ProfileInstallReceiver"
80-->[androidx.profileinstaller:profileinstaller:1.3.0] AndroidManifest.xml:35:13-76
81            android:directBootAware="false"
81-->[androidx.profileinstaller:profileinstaller:1.3.0] AndroidManifest.xml:36:13-44
82            android:enabled="true"
82-->[androidx.profileinstaller:profileinstaller:1.3.0] AndroidManifest.xml:37:13-35
83            android:exported="true"
83-->[androidx.profileinstaller:profileinstaller:1.3.0] AndroidManifest.xml:38:13-36
84            android:permission="android.permission.DUMP" >
84-->[androidx.profileinstaller:profileinstaller:1.3.0] AndroidManifest.xml:39:13-57
85            <intent-filter>
85-->[androidx.profileinstaller:profileinstaller:1.3.0] AndroidManifest.xml:40:13-42:29
86                <action android:name="androidx.profileinstaller.action.INSTALL_PROFILE" />
86-->[androidx.profileinstaller:profileinstaller:1.3.0] AndroidManifest.xml:41:17-91
86-->[androidx.profileinstaller:profileinstaller:1.3.0] AndroidManifest.xml:41:25-88
87            </intent-filter>
88            <intent-filter>
88-->[androidx.profileinstaller:profileinstaller:1.3.0] AndroidManifest.xml:43:13-45:29
89                <action android:name="androidx.profileinstaller.action.SKIP_FILE" />
89-->[androidx.profileinstaller:profileinstaller:1.3.0] AndroidManifest.xml:44:17-85
89-->[androidx.profileinstaller:profileinstaller:1.3.0] AndroidManifest.xml:44:25-82
90            </intent-filter>
91            <intent-filter>
91-->[androidx.profileinstaller:profileinstaller:1.3.0] AndroidManifest.xml:46:13-48:29
92                <action android:name="androidx.profileinstaller.action.SAVE_PROFILE" />
92-->[androidx.profileinstaller:profileinstaller:1.3.0] AndroidManifest.xml:47:17-88
92-->[androidx.profileinstaller:profileinstaller:1.3.0] AndroidManifest.xml:47:25-85
93            </intent-filter>
94            <intent-filter>
94-->[androidx.profileinstaller:profileinstaller:1.3.0] AndroidManifest.xml:49:13-51:29
95                <action android:name="androidx.profileinstaller.action.BENCHMARK_OPERATION" />
95-->[androidx.profileinstaller:profileinstaller:1.3.0] AndroidManifest.xml:50:17-95
95-->[androidx.profileinstaller:profileinstaller:1.3.0] AndroidManifest.xml:50:25-92
96            </intent-filter>
97        </receiver>
98    </application>
99
100</manifest>